<?xml version="1.0" encoding="UTF-8"?>
<!-- Generated by org.testng.reporters.JUnitReportReporter -->
<testsuite hostname="LAPTOP-6HH92O8G" failures="0" tests="6" name="api.test.DDTests" time="12.911" errors="0" timestamp="2023-03-19T07:17:01 IST" skipped="0">
  <testcase classname="api.test.DDTests" name="testPostUser" time="1.632"/>
  <system-out/>
  <testcase classname="api.test.DDTests" name="testPostUser" time="1.873"/>
  <system-out/>
  <testcase classname="api.test.DDTests" name="testPostUser" time="3.508"/>
  <system-out/>
  <testcase classname="api.test.DDTests" name="testDeleteUserByName" time="2.043"/>
  <system-out/>
  <testcase classname="api.test.DDTests" name="testDeleteUserByName" time="2.013"/>
  <system-out/>
  <testcase classname="api.test.DDTests" name="testDeleteUserByName" time="1.842"/>
  <system-out/>
</testsuite> <!-- api.test.DDTests -->
