<?xml version="1.0" encoding="UTF-8"?>
<!-- Generated by org.testng.reporters.JUnitReportReporter -->
<testsuite hostname="LAPTOP-6HH92O8G" failures="0" tests="4" name="api.test.UserTest" time="13.742" errors="0" timestamp="2023-03-18T21:14:32 IST" skipped="0">
  <testcase classname="api.test.UserTest" name="testPostUser" time="4.848"/>
  <system-out/>
  <testcase classname="api.test.UserTest" name="testGetUserByName" time="1.936"/>
  <system-out/>
  <testcase classname="api.test.UserTest" name="testUpdateUserByName" time="4.736"/>
  <system-out/>
  <testcase classname="api.test.UserTest" name="testDeleteUserByName" time="2.222"/>
  <system-out/>
</testsuite> <!-- api.test.UserTest -->
