<?xml version="1.0" encoding="UTF-8"?>
<!-- Generated by org.testng.reporters.JUnitReportReporter -->
<testsuite hostname="LAPTOP-6HH92O8G" failures="0" tests="4" name="api.test.UserTest" time="11.646" errors="0" timestamp="2023-03-23T07:28:40 IST" skipped="0">
  <testcase classname="api.test.UserTest" name="testPostUser" time="4.187"/>
  <system-out/>
  <testcase classname="api.test.UserTest" name="testGetUserByName" time="1.843"/>
  <system-out/>
  <testcase classname="api.test.UserTest" name="testUpdateUserByName" time="3.674"/>
  <system-out/>
  <testcase classname="api.test.UserTest" name="testDeleteUserByName" time="1.942"/>
  <system-out/>
</testsuite> <!-- api.test.UserTest -->
